==============================================================================
Tests                                                                         
==============================================================================
Tests.ForgotPassword                                                          
==============================================================================
Tests.ForgotPassword.ForgotPassword TC002 Test                                
==============================================================================
Login to Thinx                                                          
  Traceback (most recent call last):
    ~~~~~~~~~~~~~~~~~~~~~~~~~~~~~~~~~~~~~~~~~~~~~~~~~~~~~~~~~~~~~~~~~~~~~~~~~~
    File  /Users/angeline.rohan/Desktop/QA Automation_Thinx.robot.py/ThinxAutomation1/Thinx-Automation1/tests/ForgotPassword/ForgotPassword_TC002_Test.robot:19
    T:  Login to Thinx    
    ~~~~~~~~~~~~~~~~~~~~~~~~~~~~~~~~~~~~~~~~~~~~~~~~~~~~~~~~~~~~~~~~~~~~~~~~~~
    File  /Users/angeline.rohan/Desktop/QA Automation_Thinx.robot.py/ThinxAutomation1/Thinx-Automation1/tests/ForgotPassword/ForgotPassword_TC002_Test.robot:29
      Validate the success message after entering email and click on send email    
    ~~~~~~~~~~~~~~~~~~~~~~~~~~~~~~~~~~~~~~~~~~~~~~~~~~~~~~~~~~~~~~~~~~~~~~~~~~
    File  /Users/angeline.rohan/Desktop/QA Automation_Thinx.robot.py/ThinxAutomation1/Thinx-Automation1/pages/ForgotPassword/ForgotPassword_TC002_Pages.robot:23
      Wait Until Element Is Visible    ${title}
      |  ${title} = //h1[@id='login'] (str)
______________________________________________________________________________
| FAIL |
Element '//h1[@id='login']' not visible after 5 seconds.
------------------------------------------------------------------------------
Tests.ForgotPassword.ForgotPassword TC002 Test                        | FAIL |
1 test, 0 passed, 1 failed
==============================================================================
Tests.ForgotPassword                                                  | FAIL |
1 test, 0 passed, 1 failed
==============================================================================
Tests                                                                 | FAIL |
1 test, 0 passed, 1 failed
==============================================================================
Output:  /Users/angeline.rohan/Desktop/QA Automation_Thinx.robot.py/ThinxAutomation1/Thinx-Automation1/pabot_results/12/output.xml
