==============================================================================
Tests                                                                         
==============================================================================
Tests.PDP                                                                     
==============================================================================
Tests.PDP.PDP TC002 Test                                                      
==============================================================================
Open Thinx PDP Using Chrome Browser                                     
  Traceback (most recent call last):
    ~~~~~~~~~~~~~~~~~~~~~~~~~~~~~~~~~~~~~~~~~~~~~~~~~~~~~~~~~~~~~~~~~~~~~~~~~~
    File  /Users/angeline.rohan/Desktop/QA Automation_Thinx.robot.py/ThinxAutomation1/Thinx-Automation1/tests/PDP/PDP_TC002_Test.robot:22
    T:  Open Thinx PDP Using Chrome Browser    
    ~~~~~~~~~~~~~~~~~~~~~~~~~~~~~~~~~~~~~~~~~~~~~~~~~~~~~~~~~~~~~~~~~~~~~~~~~~
    File  /Users/angeline.rohan/Desktop/QA Automation_Thinx.robot.py/ThinxAutomation1/Thinx-Automation1/tests/PDP/PDP_TC002_Test.robot:27
      Validate Add to Cart From PDP    
    ~~~~~~~~~~~~~~~~~~~~~~~~~~~~~~~~~~~~~~~~~~~~~~~~~~~~~~~~~~~~~~~~~~~~~~~~~~
    File  /Users/angeline.rohan/Desktop/QA Automation_Thinx.robot.py/ThinxAutomation1/Thinx-Automation1/steps/PDP/PDP_TC002_Steps.robot:15
      Wait Until Page Contains Element    ${CloseModal}
      |  ${CloseModal} = //button[@class='absolute right-3 top-3 [&>svg]:size-6'] (str)
______________________________________________________________________________
| FAIL |
Element '//button[@class='absolute right-3 top-3 [&>svg]:size-6']' did not appear in 5 seconds.
------------------------------------------------------------------------------
Tests.PDP.PDP TC002 Test                                              | FAIL |
1 test, 0 passed, 1 failed
==============================================================================
Tests.PDP                                                             | FAIL |
1 test, 0 passed, 1 failed
==============================================================================
Tests                                                                 | FAIL |
1 test, 0 passed, 1 failed
==============================================================================
Output:  /Users/angeline.rohan/Desktop/QA Automation_Thinx.robot.py/ThinxAutomation1/Thinx-Automation1/pabot_results/23/output.xml
