==============================================================================
Tests                                                                         
==============================================================================
Tests.HomePage                                                                
==============================================================================
Tests.HomePage.HomePage TC002 Test                                            
==============================================================================
Open Thinx Homepage Using Chrome Browser                                
  Traceback (most recent call last):
    ~~~~~~~~~~~~~~~~~~~~~~~~~~~~~~~~~~~~~~~~~~~~~~~~~~~~~~~~~~~~~~~~~~~~~~~~~~
    File  /Users/angeline.rohan/Desktop/QA Automation_Thinx.robot.py/ThinxAutomation1/Thinx-Automation1/tests/HomePage/HomePage_TC002_Test.robot:13
    T:  Open Thinx Homepage Using Chrome Browser    
    ~~~~~~~~~~~~~~~~~~~~~~~~~~~~~~~~~~~~~~~~~~~~~~~~~~~~~~~~~~~~~~~~~~~~~~~~~~
    File  /Users/angeline.rohan/Desktop/QA Automation_Thinx.robot.py/ThinxAutomation1/Thinx-Automation1/tests/HomePage/HomePage_TC002_Test.robot:16
      Validate the Hero CTA Text    
    ~~~~~~~~~~~~~~~~~~~~~~~~~~~~~~~~~~~~~~~~~~~~~~~~~~~~~~~~~~~~~~~~~~~~~~~~~~
    File  /Users/angeline.rohan/Desktop/QA Automation_Thinx.robot.py/ThinxAutomation1/Thinx-Automation1/steps/HomePage/HomePage_TC002_Steps.robot:18
      Element Text Should Be    ${HeroCTA}    ${EXPECTED_TEXT_2}
      |  ${HeroCTA} = //button[@class='button button--secondary'] (str)
      |  ${EXPECTED_TEXT_2} = shop leakproof (str)
______________________________________________________________________________
| FAIL |
The text of element '//button[@class='button button--secondary']' should have been 'shop leakproof' but it was 'shop all'.
------------------------------------------------------------------------------
Tests.HomePage.HomePage TC002 Test                                    | FAIL |
1 test, 0 passed, 1 failed
==============================================================================
Tests.HomePage                                                        | FAIL |
1 test, 0 passed, 1 failed
==============================================================================
Tests                                                                 | FAIL |
1 test, 0 passed, 1 failed
==============================================================================
Output:  /Users/angeline.rohan/Desktop/QA Automation_Thinx.robot.py/ThinxAutomation1/Thinx-Automation1/pabot_results/14/output.xml
