==============================================================================
Tests                                                                         
==============================================================================
Tests.Footer                                                                  
==============================================================================
Tests.Footer.Footer TC003 Test                                                
==============================================================================
Open Thinx                                                              
  Traceback (most recent call last):
    ~~~~~~~~~~~~~~~~~~~~~~~~~~~~~~~~~~~~~~~~~~~~~~~~~~~~~~~~~~~~~~~~~~~~~~~~~~
    File  /Users/angeline.rohan/Desktop/QA Automation_Thinx.robot.py/ThinxAutomation1/Thinx-Automation1/tests/Footer/Footer_TC003_Test.robot:18
    T:  Open Thinx    
    ~~~~~~~~~~~~~~~~~~~~~~~~~~~~~~~~~~~~~~~~~~~~~~~~~~~~~~~~~~~~~~~~~~~~~~~~~~
    File  /Users/angeline.rohan/Desktop/QA Automation_Thinx.robot.py/ThinxAutomation1/Thinx-Automation1/tests/Footer/Footer_TC003_Test.robot:28
      Validate Navigation to Accessibility Page    
    ~~~~~~~~~~~~~~~~~~~~~~~~~~~~~~~~~~~~~~~~~~~~~~~~~~~~~~~~~~~~~~~~~~~~~~~~~~
    File  /Users/angeline.rohan/Desktop/QA Automation_Thinx.robot.py/ThinxAutomation1/Thinx-Automation1/steps/Footer/Footer_TC003_Steps.robot:60
      Wait Until Element Is Visible    ${H2}
      |  ${H2} = //h2[@class='heading-2 mb-2'] (str)
______________________________________________________________________________
| FAIL |
Element '//h2[@class='heading-2 mb-2']' not visible after 5 seconds.
------------------------------------------------------------------------------
Tests.Footer.Footer TC003 Test                                        | FAIL |
1 test, 0 passed, 1 failed
==============================================================================
Tests.Footer                                                          | FAIL |
1 test, 0 passed, 1 failed
==============================================================================
Tests                                                                 | FAIL |
1 test, 0 passed, 1 failed
==============================================================================
Output:  /Users/angeline.rohan/Desktop/QA Automation_Thinx.robot.py/ThinxAutomation1/Thinx-Automation1/pabot_results/16/output.xml
