==============================================================================
Tests                                                                         
==============================================================================
Tests.PLP                                                                     
==============================================================================
Tests.PLP.PLP TC003 Test                                                      
==============================================================================
Open Thinx Collections                                                  
  Traceback (most recent call last):
    ~~~~~~~~~~~~~~~~~~~~~~~~~~~~~~~~~~~~~~~~~~~~~~~~~~~~~~~~~~~~~~~~~~~~~~~~~~
    File  /Users/angeline.rohan/Desktop/QA Automation_Thinx.robot.py/ThinxAutomation1/Thinx-Automation1/tests/PLP/PLP_TC003_Test.robot:21
    T:  Open Thinx Collections    
    ~~~~~~~~~~~~~~~~~~~~~~~~~~~~~~~~~~~~~~~~~~~~~~~~~~~~~~~~~~~~~~~~~~~~~~~~~~
    File  /Users/angeline.rohan/Desktop/QA Automation_Thinx.robot.py/ThinxAutomation1/Thinx-Automation1/tests/PLP/PLP_TC003_Test.robot:29
      Validate Product Display When Multi Color Filter Is Applied    
    ~~~~~~~~~~~~~~~~~~~~~~~~~~~~~~~~~~~~~~~~~~~~~~~~~~~~~~~~~~~~~~~~~~~~~~~~~~
    File  /Users/angeline.rohan/Desktop/QA Automation_Thinx.robot.py/ThinxAutomation1/Thinx-Automation1/steps/PLP/PLP_TC003_Steps.robot:43
      Wait Until Element Is Visible    ${FirstProduct}
      |  ${FirstProduct} = //article[.='9-1011-1213-1415-16TeensAll-Day Bikini$16Lucky StarsBlack'] (str)
______________________________________________________________________________
| FAIL |
Element '//article[.='9-1011-1213-1415-16TeensAll-Day Bikini$16Lucky StarsBlack']' not visible after 5 seconds.
------------------------------------------------------------------------------
Tests.PLP.PLP TC003 Test                                              | FAIL |
1 test, 0 passed, 1 failed
==============================================================================
Tests.PLP                                                             | FAIL |
1 test, 0 passed, 1 failed
==============================================================================
Tests                                                                 | FAIL |
1 test, 0 passed, 1 failed
==============================================================================
Output:  /Users/angeline.rohan/Desktop/QA Automation_Thinx.robot.py/ThinxAutomation1/Thinx-Automation1/pabot_results/34/output.xml
