==============================================================================
Tests                                                                         
==============================================================================
Tests.CookieSettings                                                          
==============================================================================
Tests.CookieSettings.CookieSettings TC002 Test                                
==============================================================================
Open Thinx                                                              
  Traceback (most recent call last):
    ~~~~~~~~~~~~~~~~~~~~~~~~~~~~~~~~~~~~~~~~~~~~~~~~~~~~~~~~~~~~~~~~~~~~~~~~~~
    File  /Users/angeline.rohan/Desktop/QA Automation_Thinx.robot.py/ThinxAutomation1/Thinx-Automation1/tests/CookieSettings/CookieSettings_TC002_Test.robot:21
    T:  Open Thinx    
    ~~~~~~~~~~~~~~~~~~~~~~~~~~~~~~~~~~~~~~~~~~~~~~~~~~~~~~~~~~~~~~~~~~~~~~~~~~
    File  /Users/angeline.rohan/Desktop/QA Automation_Thinx.robot.py/ThinxAutomation1/Thinx-Automation1/tests/CookieSettings/CookieSettings_TC002_Test.robot:24
      Accept Cookies and Close Welcome Modal    
    ~~~~~~~~~~~~~~~~~~~~~~~~~~~~~~~~~~~~~~~~~~~~~~~~~~~~~~~~~~~~~~~~~~~~~~~~~~
    File  /Users/angeline.rohan/Desktop/QA Automation_Thinx.robot.py/ThinxAutomation1/Thinx-Automation1/steps/PDP/PDP_TC004_Steps.robot:10
      Wait Until Page Contains Element    ${CloseModal}
      |  ${CloseModal} = //button[@class='absolute right-3 top-3 [&>svg]:size-6'] (str)
______________________________________________________________________________
| FAIL |
Element '//button[@class='absolute right-3 top-3 [&>svg]:size-6']' did not appear in 5 seconds.
------------------------------------------------------------------------------
Tests.CookieSettings.CookieSettings TC002 Test                        | FAIL |
1 test, 0 passed, 1 failed
==============================================================================
Tests.CookieSettings                                                  | FAIL |
1 test, 0 passed, 1 failed
==============================================================================
Tests                                                                 | FAIL |
1 test, 0 passed, 1 failed
==============================================================================
Output:  /Users/angeline.rohan/Desktop/QA Automation_Thinx.robot.py/ThinxAutomation1/Thinx-Automation1/pabot_results/7/output.xml
