==============================================================================
Tests                                                                         
==============================================================================
Tests.Login                                                                   
==============================================================================
Tests.Login.Login TC003 Test                                                  
==============================================================================
Login to Thinx                                                          
  Traceback (most recent call last):
    ~~~~~~~~~~~~~~~~~~~~~~~~~~~~~~~~~~~~~~~~~~~~~~~~~~~~~~~~~~~~~~~~~~~~~~~~~~
    File  /Users/angeline.rohan/Desktop/QA Automation_Thinx.robot.py/ThinxAutomation1/Thinx-Automation1/tests/Login/Login_TC003_Test.robot:24
    T:  Login to Thinx    
    ~~~~~~~~~~~~~~~~~~~~~~~~~~~~~~~~~~~~~~~~~~~~~~~~~~~~~~~~~~~~~~~~~~~~~~~~~~
    File  /Users/angeline.rohan/Desktop/QA Automation_Thinx.robot.py/ThinxAutomation1/Thinx-Automation1/tests/Login/Login_TC003_Test.robot:29
      Validate successfully landed on profile page    
    ~~~~~~~~~~~~~~~~~~~~~~~~~~~~~~~~~~~~~~~~~~~~~~~~~~~~~~~~~~~~~~~~~~~~~~~~~~
    File  /Users/angeline.rohan/Desktop/QA Automation_Thinx.robot.py/ThinxAutomation1/Thinx-Automation1/pages/Login/Login_TC003_Pages.robot:34
      Wait Until Element Is Visible    locator=${AddressCard}
      |  locator=${AddressCard} = locator=//address[@class='w-full md:w-1/3 mb-2 sm:mb-4 not-italic border border-black py-4 px-4 rounded-lg+ inline-block aspect-ratio-[1]'] (str)
______________________________________________________________________________
| FAIL |
Element '//address[@class='w-full md:w-1/3 mb-2 sm:mb-4 not-italic border border-black py-4 px-4 rounded-lg+ inline-block aspect-ratio-[1]']' not visible after 5 seconds.
------------------------------------------------------------------------------
Tests.Login.Login TC003 Test                                          | FAIL |
1 test, 0 passed, 1 failed
==============================================================================
Tests.Login                                                           | FAIL |
1 test, 0 passed, 1 failed
==============================================================================
Tests                                                                 | FAIL |
1 test, 0 passed, 1 failed
==============================================================================
Output:  /Users/angeline.rohan/Desktop/QA Automation_Thinx.robot.py/ThinxAutomation1/Thinx-Automation1/pabot_results/18/output.xml
