==============================================================================
Tests                                                                         
==============================================================================
Tests.HomePage                                                                
==============================================================================
Tests.HomePage.HomePage TC002 Test                                            
==============================================================================
Open Thinx Homepage Using Chrome Browser                                
  Traceback (most recent call last):
    ~~~~~~~~~~~~~~~~~~~~~~~~~~~~~~~~~~~~~~~~~~~~~~~~~~~~~~~~~~~~~~~~~~~~~~~~~~
    File  /Users/angeline.rohan/Desktop/QA Automation_Thinx.robot.py/ThinxAutomation1/Thinx-Automation1/tests/HomePage/HomePage_TC002_Test.robot:13
    T:  Open Thinx Homepage Using Chrome Browser    
    ~~~~~~~~~~~~~~~~~~~~~~~~~~~~~~~~~~~~~~~~~~~~~~~~~~~~~~~~~~~~~~~~~~~~~~~~~~
    File  /Users/angeline.rohan/Desktop/QA Automation_Thinx.robot.py/ThinxAutomation1/Thinx-Automation1/tests/HomePage/HomePage_TC002_Test.robot:15
      Validate the Hero H1 Text    
    ~~~~~~~~~~~~~~~~~~~~~~~~~~~~~~~~~~~~~~~~~~~~~~~~~~~~~~~~~~~~~~~~~~~~~~~~~~
    File  /Users/angeline.rohan/Desktop/QA Automation_Thinx.robot.py/ThinxAutomation1/Thinx-Automation1/steps/HomePage/HomePage_TC002_Steps.robot:14
      Element Text Should Be    ${HeroH1}    ${EXPECTED_TEXT_1}
      |  ${HeroH1} = //h1[@class='heading-2 mb-2'] (str)
      |  ${EXPECTED_TEXT_1} = absorbent underwear for comfort & confidence (str)
______________________________________________________________________________
| FAIL |
The text of element '//h1[@class='heading-2 mb-2']' should have been 'absorbent underwear for comfort & confidence' but it was 'up to 25% off absorbent undies'.
------------------------------------------------------------------------------
Tests.HomePage.HomePage TC002 Test                                    | FAIL |
1 test, 0 passed, 1 failed
==============================================================================
Tests.HomePage                                                        | FAIL |
1 test, 0 passed, 1 failed
==============================================================================
Tests                                                                 | FAIL |
1 test, 0 passed, 1 failed
==============================================================================
Output:  /Users/angeline.rohan/Desktop/QA Automation_Thinx.robot.py/ThinxAutomation1/Thinx-Automation1/pabot_results/20/output.xml
