==============================================================================
Tests                                                                         
==============================================================================
Tests.PLP                                                                     
==============================================================================
Tests.PLP.PLP TC002 Test                                                      
==============================================================================
Open Thinx Collections Page Using Chrome Browser                        
  Traceback (most recent call last):
    ~~~~~~~~~~~~~~~~~~~~~~~~~~~~~~~~~~~~~~~~~~~~~~~~~~~~~~~~~~~~~~~~~~~~~~~~~~
    File  /Users/angeline.rohan/Desktop/QA Automation_Thinx.robot.py/ThinxAutomation1/Thinx-Automation1/tests/PLP/PLP_TC002_Test.robot:21
    T:  Open Thinx Collections Page Using Chrome Browser    
    ~~~~~~~~~~~~~~~~~~~~~~~~~~~~~~~~~~~~~~~~~~~~~~~~~~~~~~~~~~~~~~~~~~~~~~~~~~
    File  /Users/angeline.rohan/Desktop/QA Automation_Thinx.robot.py/ThinxAutomation1/Thinx-Automation1/tests/PLP/PLP_TC002_Test.robot:28
      Validate Product Display When All Day Absorbency Is Applied    
    ~~~~~~~~~~~~~~~~~~~~~~~~~~~~~~~~~~~~~~~~~~~~~~~~~~~~~~~~~~~~~~~~~~~~~~~~~~
    File  /Users/angeline.rohan/Desktop/QA Automation_Thinx.robot.py/ThinxAutomation1/Thinx-Automation1/steps/PLP/PLP_TC002_Steps.robot:43
      Wait Until Element Is Visible    ${FirstProduct}
      |  ${FirstProduct} = //article[.='buttery softXSSMLXL1X2X3X4XPeriodUltra Soft Sleep Shorts$55BlackPlum'] (str)
______________________________________________________________________________
| FAIL |
Element '//article[.='buttery softXSSMLXL1X2X3X4XPeriodUltra Soft Sleep Shorts$55BlackPlum']' not visible after 5 seconds.
------------------------------------------------------------------------------
Tests.PLP.PLP TC002 Test                                              | FAIL |
1 test, 0 passed, 1 failed
==============================================================================
Tests.PLP                                                             | FAIL |
1 test, 0 passed, 1 failed
==============================================================================
Tests                                                                 | FAIL |
1 test, 0 passed, 1 failed
==============================================================================
Output:  /Users/angeline.rohan/Desktop/QA Automation_Thinx.robot.py/ThinxAutomation1/Thinx-Automation1/pabot_results/33/output.xml
